This file contains any messages produced by compilers while
running configure, to aid debugging if configure makes a mistake.

It was created by linuxwacom configure 0.7.9, which was
generated by GNU Autoconf 2.61.  Invocation command line was

  $ ./configure --with-xlib=/usr/lib/

## --------- ##
## Platform. ##
## --------- ##

hostname = 89
uname -m = i686
uname -r = 3.13.0-83-generic
uname -s = Linux
uname -v = #127-Ubuntu SMP Fri Mar 11 00:26:47 UTC 2016

/usr/bin/uname -p = unknown
/bin/uname -X     = unknown

/bin/arch              = unknown
/usr/bin/arch -k       = unknown
/usr/convex/getsysinfo = unknown
/usr/bin/hostinfo      = unknown
/bin/machine           = unknown
/usr/bin/oslevel       = unknown
/bin/universe          = unknown

PATH: /usr/local/sbin
PATH: /usr/local/bin
PATH: /usr/sbin
PATH: /usr/bin
PATH: /sbin
PATH: /bin
PATH: /usr/games
PATH: /usr/local/games
PATH: /usr/fms/bin
PATH: /bin
PATH: /usr/bin
PATH: /usr/fms/op/bin
PATH: /root/bin
PATH: /usr/fms/bin
PATH: /usr/fms/op/bin
PATH: /appl/fms/sys/bin
PATH: /appl/fms/tools


## ----------- ##
## Core tests. ##
## ----------- ##

configure:2079: checking for a BSD-compatible install
configure:2135: result: /usr/bin/install -c
configure:2146: checking whether build environment is sane
configure:2189: result: yes
configure:2254: checking for gawk
configure:2270: found /usr/bin/gawk
configure:2281: result: gawk
configure:2292: checking whether make sets $(MAKE)
configure:2313: result: yes
configure:2497: checking whether to enable maintainer-specific portions of Makefiles
configure:2506: result: no
configure:2570: checking for gcc
configure:2586: found /usr/bin/gcc
configure:2597: result: gcc
configure:2835: checking for C compiler version
configure:2842: gcc --version >&5
gcc (Ubuntu 4.8.4-2ubuntu1~14.04.1) 4.8.4
Copyright (C) 2013 Free Software Foundation, Inc.
This is free software; see the source for copying conditions.  There is NO
warranty; not even for MERCHANTABILITY or FITNESS FOR A PARTICULAR PURPOSE.

configure:2845: $? = 0
configure:2852: gcc -v >&5
Using built-in specs.
COLLECT_GCC=gcc
COLLECT_LTO_WRAPPER=/usr/lib/gcc/i686-linux-gnu/4.8/lto-wrapper
Target: i686-linux-gnu
Configured with: ../src/configure -v --with-pkgversion='Ubuntu 4.8.4-2ubuntu1~14.04.1' --with-bugurl=file:///usr/share/doc/gcc-4.8/README.Bugs --enable-languages=c,c++,java,go,d,fortran,objc,obj-c++ --prefix=/usr --program-suffix=-4.8 --enable-shared --enable-linker-build-id --libexecdir=/usr/lib --without-included-gettext --enable-threads=posix --with-gxx-include-dir=/usr/include/c++/4.8 --libdir=/usr/lib --enable-nls --with-sysroot=/ --enable-clocale=gnu --enable-libstdcxx-debug --enable-libstdcxx-time=yes --enable-gnu-unique-object --disable-libmudflap --enable-plugin --with-system-zlib --disable-browser-plugin --enable-java-awt=gtk --enable-gtk-cairo --with-java-home=/usr/lib/jvm/java-1.5.0-gcj-4.8-i386/jre --enable-java-home --with-jvm-root-dir=/usr/lib/jvm/java-1.5.0-gcj-4.8-i386 --with-jvm-jar-dir=/usr/lib/jvm-exports/java-1.5.0-gcj-4.8-i386 --with-arch-directory=i386 --with-ecj-jar=/usr/share/java/eclipse-ecj.jar --enable-objc-gc --enable-targets=all --enable-multiarch --disable-werror --with-arch-32=i686 --with-multilib-list=m32,m64,mx32 --with-tune=generic --enable-checking=release --build=i686-linux-gnu --host=i686-linux-gnu --target=i686-linux-gnu
Thread model: posix
gcc version 4.8.4 (Ubuntu 4.8.4-2ubuntu1~14.04.1) 
configure:2855: $? = 0
configure:2862: gcc -V >&5
gcc: error: unrecognized command line option '-V'
gcc: fatal error: no input files
compilation terminated.
configure:2865: $? = 4
configure:2888: checking for C compiler default output file name
configure:2915: gcc    conftest.c  >&5
configure:2918: $? = 0
configure:2956: result: a.out
configure:2973: checking whether the C compiler works
configure:2983: ./a.out
configure:2986: $? = 0
configure:3003: result: yes
configure:3010: checking whether we are cross compiling
configure:3012: result: no
configure:3015: checking for suffix of executables
configure:3022: gcc -o conftest    conftest.c  >&5
configure:3025: $? = 0
configure:3049: result: 
configure:3055: checking for suffix of object files
configure:3081: gcc -c   conftest.c >&5
configure:3084: $? = 0
configure:3107: result: o
configure:3111: checking whether we are using the GNU C compiler
configure:3140: gcc -c   conftest.c >&5
configure:3146: $? = 0
configure:3163: result: yes
configure:3168: checking whether gcc accepts -g
configure:3198: gcc -c -g  conftest.c >&5
configure:3204: $? = 0
configure:3303: result: yes
configure:3320: checking for gcc option to accept ISO C89
configure:3394: gcc  -c -g -O2  conftest.c >&5
configure:3400: $? = 0
configure:3423: result: none needed
configure:3452: checking for style of include used by make
configure:3480: result: GNU
configure:3508: checking dependency style of gcc
configure:3598: result: gcc3
configure:3619: checking for gawk
configure:3646: result: gawk
configure:3735: checking build system type
configure:3753: result: i686-pc-linux-gnu
configure:3775: checking host system type
configure:3790: result: i686-pc-linux-gnu
configure:3812: checking for a sed that does not truncate output
configure:3866: result: /bin/sed
configure:3869: checking for grep that handles long lines and -e
configure:3943: result: /bin/grep
configure:3948: checking for egrep
configure:4026: result: /bin/grep -E
configure:4042: checking for ld used by gcc
configure:4109: result: /usr/bin/ld
configure:4118: checking if the linker (/usr/bin/ld) is GNU ld
configure:4133: result: yes
configure:4138: checking for /usr/bin/ld option to reload object files
configure:4145: result: -r
configure:4163: checking for BSD-compatible nm
configure:4212: result: /usr/bin/nm -B
configure:4216: checking whether ln -s works
configure:4220: result: yes
configure:4227: checking how to recognise dependent libraries
configure:4403: result: pass_all
configure:4637: checking how to run the C preprocessor
configure:4677: gcc -E  conftest.c
configure:4683: $? = 0
configure:4714: gcc -E  conftest.c
conftest.c:10:28: fatal error: ac_nonexistent.h: No such file or directory
 #include <ac_nonexistent.h>
                            ^
compilation terminated.
configure:4720: $? = 1
configure: failed program was:
| /* confdefs.h.  */
| #define PACKAGE_NAME "linuxwacom"
| #define PACKAGE_TARNAME "linuxwacom"
| #define PACKAGE_VERSION "0.7.9"
| #define PACKAGE_STRING "linuxwacom 0.7.9"
| #define PACKAGE_BUGREPORT ""
| #define PACKAGE "linuxwacom"
| #define VERSION "0.7.9"
| /* end confdefs.h.  */
| #include <ac_nonexistent.h>
configure:4753: result: gcc -E
configure:4782: gcc -E  conftest.c
configure:4788: $? = 0
configure:4819: gcc -E  conftest.c
conftest.c:10:28: fatal error: ac_nonexistent.h: No such file or directory
 #include <ac_nonexistent.h>
                            ^
compilation terminated.
configure:4825: $? = 1
configure: failed program was:
| /* confdefs.h.  */
| #define PACKAGE_NAME "linuxwacom"
| #define PACKAGE_TARNAME "linuxwacom"
| #define PACKAGE_VERSION "0.7.9"
| #define PACKAGE_STRING "linuxwacom 0.7.9"
| #define PACKAGE_BUGREPORT ""
| #define PACKAGE "linuxwacom"
| #define VERSION "0.7.9"
| /* end confdefs.h.  */
| #include <ac_nonexistent.h>
configure:4863: checking for ANSI C header files
configure:4893: gcc -c -g -O2  conftest.c >&5
configure:4899: $? = 0
configure:4998: gcc -o conftest -g -O2   conftest.c  >&5
configure:5001: $? = 0
configure:5007: ./conftest
configure:5010: $? = 0
configure:5027: result: yes
configure:5051: checking for sys/types.h
configure:5072: gcc -c -g -O2  conftest.c >&5
configure:5078: $? = 0
configure:5094: result: yes
configure:5051: checking for sys/stat.h
configure:5072: gcc -c -g -O2  conftest.c >&5
configure:5078: $? = 0
configure:5094: result: yes
configure:5051: checking for stdlib.h
configure:5072: gcc -c -g -O2  conftest.c >&5
configure:5078: $? = 0
configure:5094: result: yes
configure:5051: checking for string.h
configure:5072: gcc -c -g -O2  conftest.c >&5
configure:5078: $? = 0
configure:5094: result: yes
configure:5051: checking for memory.h
configure:5072: gcc -c -g -O2  conftest.c >&5
configure:5078: $? = 0
configure:5094: result: yes
configure:5051: checking for strings.h
configure:5072: gcc -c -g -O2  conftest.c >&5
configure:5078: $? = 0
configure:5094: result: yes
configure:5051: checking for inttypes.h
configure:5072: gcc -c -g -O2  conftest.c >&5
configure:5078: $? = 0
configure:5094: result: yes
configure:5051: checking for stdint.h
configure:5072: gcc -c -g -O2  conftest.c >&5
configure:5078: $? = 0
configure:5094: result: yes
configure:5051: checking for unistd.h
configure:5072: gcc -c -g -O2  conftest.c >&5
configure:5078: $? = 0
configure:5094: result: yes
configure:5121: checking dlfcn.h usability
configure:5138: gcc -c -g -O2  conftest.c >&5
configure:5144: $? = 0
configure:5158: result: yes
configure:5162: checking dlfcn.h presence
configure:5177: gcc -E  conftest.c
configure:5183: $? = 0
configure:5197: result: yes
configure:5225: checking for dlfcn.h
configure:5233: result: yes
configure:5304: checking for g++
configure:5320: found /usr/bin/g++
configure:5331: result: g++
configure:5362: checking for C++ compiler version
configure:5369: g++ --version >&5
g++ (Ubuntu 4.8.4-2ubuntu1~14.04.1) 4.8.4
Copyright (C) 2013 Free Software Foundation, Inc.
This is free software; see the source for copying conditions.  There is NO
warranty; not even for MERCHANTABILITY or FITNESS FOR A PARTICULAR PURPOSE.

configure:5372: $? = 0
configure:5379: g++ -v >&5
Using built-in specs.
COLLECT_GCC=g++
COLLECT_LTO_WRAPPER=/usr/lib/gcc/i686-linux-gnu/4.8/lto-wrapper
Target: i686-linux-gnu
Configured with: ../src/configure -v --with-pkgversion='Ubuntu 4.8.4-2ubuntu1~14.04.1' --with-bugurl=file:///usr/share/doc/gcc-4.8/README.Bugs --enable-languages=c,c++,java,go,d,fortran,objc,obj-c++ --prefix=/usr --program-suffix=-4.8 --enable-shared --enable-linker-build-id --libexecdir=/usr/lib --without-included-gettext --enable-threads=posix --with-gxx-include-dir=/usr/include/c++/4.8 --libdir=/usr/lib --enable-nls --with-sysroot=/ --enable-clocale=gnu --enable-libstdcxx-debug --enable-libstdcxx-time=yes --enable-gnu-unique-object --disable-libmudflap --enable-plugin --with-system-zlib --disable-browser-plugin --enable-java-awt=gtk --enable-gtk-cairo --with-java-home=/usr/lib/jvm/java-1.5.0-gcj-4.8-i386/jre --enable-java-home --with-jvm-root-dir=/usr/lib/jvm/java-1.5.0-gcj-4.8-i386 --with-jvm-jar-dir=/usr/lib/jvm-exports/java-1.5.0-gcj-4.8-i386 --with-arch-directory=i386 --with-ecj-jar=/usr/share/java/eclipse-ecj.jar --enable-objc-gc --enable-targets=all --enable-multiarch --disable-werror --with-arch-32=i686 --with-multilib-list=m32,m64,mx32 --with-tune=generic --enable-checking=release --build=i686-linux-gnu --host=i686-linux-gnu --target=i686-linux-gnu
Thread model: posix
gcc version 4.8.4 (Ubuntu 4.8.4-2ubuntu1~14.04.1) 
configure:5382: $? = 0
configure:5389: g++ -V >&5
g++: error: unrecognized command line option '-V'
g++: fatal error: no input files
compilation terminated.
configure:5392: $? = 4
configure:5395: checking whether we are using the GNU C++ compiler
configure:5424: g++ -c   conftest.cpp >&5
configure:5430: $? = 0
configure:5447: result: yes
configure:5452: checking whether g++ accepts -g
configure:5482: g++ -c -g  conftest.cpp >&5
configure:5488: $? = 0
configure:5587: result: yes
configure:5612: checking dependency style of g++
configure:5702: result: gcc3
configure:5729: checking how to run the C++ preprocessor
configure:5765: g++ -E  conftest.cpp
configure:5771: $? = 0
configure:5802: g++ -E  conftest.cpp
conftest.cpp:21:28: fatal error: ac_nonexistent.h: No such file or directory
 #include <ac_nonexistent.h>
                            ^
compilation terminated.
configure:5808: $? = 1
configure: failed program was:
| /* confdefs.h.  */
| #define PACKAGE_NAME "linuxwacom"
| #define PACKAGE_TARNAME "linuxwacom"
| #define PACKAGE_VERSION "0.7.9"
| #define PACKAGE_STRING "linuxwacom 0.7.9"
| #define PACKAGE_BUGREPORT ""
| #define PACKAGE "linuxwacom"
| #define VERSION "0.7.9"
| #define STDC_HEADERS 1
| #define HAVE_SYS_TYPES_H 1
| #define HAVE_SYS_STAT_H 1
| #define HAVE_STDLIB_H 1
| #define HAVE_STRING_H 1
| #define HAVE_MEMORY_H 1
| #define HAVE_STRINGS_H 1
| #define HAVE_INTTYPES_H 1
| #define HAVE_STDINT_H 1
| #define HAVE_UNISTD_H 1
| #define HAVE_DLFCN_H 1
| /* end confdefs.h.  */
| #include <ac_nonexistent.h>
configure:5841: result: g++ -E
configure:5870: g++ -E  conftest.cpp
configure:5876: $? = 0
configure:5907: g++ -E  conftest.cpp
conftest.cpp:21:28: fatal error: ac_nonexistent.h: No such file or directory
 #include <ac_nonexistent.h>
                            ^
compilation terminated.
configure:5913: $? = 1
configure: failed program was:
| /* confdefs.h.  */
| #define PACKAGE_NAME "linuxwacom"
| #define PACKAGE_TARNAME "linuxwacom"
| #define PACKAGE_VERSION "0.7.9"
| #define PACKAGE_STRING "linuxwacom 0.7.9"
| #define PACKAGE_BUGREPORT ""
| #define PACKAGE "linuxwacom"
| #define VERSION "0.7.9"
| #define STDC_HEADERS 1
| #define HAVE_SYS_TYPES_H 1
| #define HAVE_SYS_STAT_H 1
| #define HAVE_STDLIB_H 1
| #define HAVE_STRING_H 1
| #define HAVE_MEMORY_H 1
| #define HAVE_STRINGS_H 1
| #define HAVE_INTTYPES_H 1
| #define HAVE_STDINT_H 1
| #define HAVE_UNISTD_H 1
| #define HAVE_DLFCN_H 1
| /* end confdefs.h.  */
| #include <ac_nonexistent.h>
configure:6006: checking for g77
configure:6036: result: no
configure:6006: checking for xlf
configure:6036: result: no
configure:6006: checking for f77
configure:6036: result: no
configure:6006: checking for frt
configure:6036: result: no
configure:6006: checking for pgf77
configure:6036: result: no
configure:6006: checking for cf77
configure:6036: result: no
configure:6006: checking for fort77
configure:6036: result: no
configure:6006: checking for fl32
configure:6036: result: no
configure:6006: checking for af77
configure:6036: result: no
configure:6006: checking for xlf90
configure:6036: result: no
configure:6006: checking for f90
configure:6036: result: no
configure:6006: checking for pgf90
configure:6036: result: no
configure:6006: checking for pghpf
configure:6036: result: no
configure:6006: checking for epcf90
configure:6036: result: no
configure:6006: checking for gfortran
configure:6036: result: no
configure:6006: checking for g95
configure:6036: result: no
configure:6006: checking for xlf95
configure:6036: result: no
configure:6006: checking for f95
configure:6036: result: no
configure:6006: checking for fort
configure:6036: result: no
configure:6006: checking for ifort
configure:6036: result: no
configure:6006: checking for ifc
configure:6036: result: no
configure:6006: checking for efc
configure:6036: result: no
configure:6006: checking for pgf95
configure:6036: result: no
configure:6006: checking for lf95
configure:6036: result: no
configure:6006: checking for ftn
configure:6036: result: no
configure:6063: checking for Fortran 77 compiler version
configure:6070:  --version >&5
./configure: line 6071: --version: command not found
configure:6073: $? = 127
configure:6080:  -v >&5
./configure: line 6081: -v: command not found
configure:6083: $? = 127
configure:6090:  -V >&5
./configure: line 6091: -V: command not found
configure:6093: $? = 127
configure:6101: checking whether we are using the GNU Fortran 77 compiler
configure:6120:  -c  conftest.F >&5
./configure: line 6121: -c: command not found
configure:6126: $? = 127
configure: failed program was:
|       program main
| #ifndef __GNUC__
|        choke me
| #endif
| 
|       end
configure:6143: result: no
configure:6149: checking whether  accepts -g
configure:6166:  -c -g conftest.f >&5
./configure: line 6167: -c: command not found
configure:6172: $? = 127
configure: failed program was:
|       program main
| 
|       end
configure:6188: result: no
configure:6218: checking the maximum length of command line arguments
configure:6327: result: 32768
configure:6338: checking command to parse /usr/bin/nm -B output from gcc object
configure:6443: gcc -c -g -O2  conftest.c >&5
configure:6446: $? = 0
configure:6450: /usr/bin/nm -B conftest.o \| sed -n -e 's/^.*[ 	]\([ABCDGIRSTW][ABCDGIRSTW]*\)[ 	][ 	]*\([_A-Za-z][_A-Za-z0-9]*\)$/\1 \2 \2/p' \> conftest.nm
configure:6453: $? = 0
configure:6505: gcc -o conftest -g -O2   conftest.c conftstm.o >&5
configure:6508: $? = 0
configure:6546: result: ok
configure:6550: checking for objdir
configure:6565: result: .libs
configure:6657: checking for ar
configure:6673: found /usr/bin/ar
configure:6684: result: ar
configure:6753: checking for ranlib
configure:6769: found /usr/bin/ranlib
configure:6780: result: ranlib
configure:6849: checking for strip
configure:6865: found /usr/bin/strip
configure:6876: result: strip
configure:7162: checking if gcc supports -fno-rtti -fno-exceptions
configure:7180: gcc -c -g -O2  -fno-rtti -fno-exceptions conftest.c >&5
cc1: warning: command line option '-fno-rtti' is valid for C++/ObjC++ but not for C [enabled by default]
configure:7184: $? = 0
configure:7197: result: no
configure:7212: checking for gcc option to produce PIC
configure:7422: result: -fPIC
configure:7430: checking if gcc PIC flag -fPIC works
configure:7448: gcc -c -g -O2  -fPIC -DPIC conftest.c >&5
configure:7452: $? = 0
configure:7465: result: yes
configure:7493: checking if gcc static flag -static works
configure:7521: result: yes
configure:7531: checking if gcc supports -c -o file.o
configure:7552: gcc -c -g -O2  -o out/conftest2.o conftest.c >&5
configure:7556: $? = 0
configure:7578: result: yes
configure:7604: checking whether the gcc linker (/usr/bin/ld) supports shared libraries
configure:8558: result: yes
configure:8579: checking whether -lc should be explicitly linked in
configure:8584: gcc -c -g -O2  conftest.c >&5
configure:8587: $? = 0
configure:8602: gcc -shared conftest.o  -v -Wl,-soname -Wl,conftest -o conftest 2\>\&1 \| grep  -lc  \>/dev/null 2\>\&1
configure:8605: $? = 0
configure:8617: result: no
configure:8625: checking dynamic linker characteristics
configure:9234: result: GNU/Linux ld.so
configure:9243: checking how to hardcode library paths into programs
configure:9268: result: immediate
configure:9282: checking whether stripping libraries is possible
configure:9287: result: yes
configure:10088: checking if libtool supports shared libraries
configure:10090: result: yes
configure:10093: checking whether to build shared libraries
configure:10114: result: yes
configure:10117: checking whether to build static libraries
configure:10121: result: yes
configure:10213: creating libtool
configure:10801: checking for ld used by g++
configure:10868: result: /usr/bin/ld
configure:10877: checking if the linker (/usr/bin/ld) is GNU ld
configure:10892: result: yes
configure:10943: checking whether the g++ linker (/usr/bin/ld) supports shared libraries
configure:11877: result: yes
configure:11895: g++ -c -g -O2  conftest.cpp >&5
configure:11898: $? = 0
configure:12017: checking for g++ option to produce PIC
configure:12291: result: -fPIC
configure:12299: checking if g++ PIC flag -fPIC works
configure:12317: g++ -c -g -O2  -fPIC -DPIC conftest.cpp >&5
configure:12321: $? = 0
configure:12334: result: yes
configure:12362: checking if g++ static flag -static works
configure:12390: result: yes
configure:12400: checking if g++ supports -c -o file.o
configure:12421: g++ -c -g -O2  -o out/conftest2.o conftest.cpp >&5
configure:12425: $? = 0
configure:12447: result: yes
configure:12473: checking whether the g++ linker (/usr/bin/ld) supports shared libraries
configure:12498: result: yes
configure:12565: checking dynamic linker characteristics
configure:13174: result: GNU/Linux ld.so
configure:13183: checking how to hardcode library paths into programs
configure:13208: result: immediate
configure:19439: checking for pkg-config
configure:19457: found /usr/bin/pkg-config
configure:19469: result: /usr/bin/pkg-config
configure:19498: checking pkg-config is at least version 0.9.0
configure:19501: result: yes
configure:19530: checking for arch type
configure:19543: result: i686-linux-gnu
configure:19547: checking for kernel type
configure:19550: result: Linux
configure:19553: checking for linux-based kernel
configure:19559: result: yes
configure:19609: checking for kernel source/headers
configure:19619: result: /lib/modules/3.13.0-83-generic/build
configure:19653: checking kernel version
configure:19665: result: 3.13.0-83-generic
configure:19698: WARNING: kernel version 3.13.0-83-generic not supported
configure:19705: checking for kernel module support
configure:19709: result: yes
configure:19974: checking for X lib directory
configure:20183: checking for XSERVER
configure:20191: $PKG_CONFIG --exists --print-errors "xorg-server"
configure:20194: $? = 0
configure:20209: $PKG_CONFIG --exists --print-errors "xorg-server"
configure:20212: $? = 0
configure:20286: result: yes
configure:20313: checking for xserver libc-wrapper header-files
configure:20320: result: no
configure:20336: checking if scaling tablet to screen size is needed
configure:20369: gcc -c -I/usr/include/xorg -g -O2  conftest.c >&5
conftest.c:30:3: error: #error "X.org >= 1.4.99.2 doesn't need rescaling code"
 # error "X.org >= 1.4.99.2 doesn't need rescaling code"
   ^
configure:20375: $? = 1
configure: failed program was:
| /* confdefs.h.  */
| #define PACKAGE_NAME "linuxwacom"
| #define PACKAGE_TARNAME "linuxwacom"
| #define PACKAGE_VERSION "0.7.9"
| #define PACKAGE_STRING "linuxwacom 0.7.9"
| #define PACKAGE_BUGREPORT ""
| #define PACKAGE "linuxwacom"
| #define VERSION "0.7.9"
| #define STDC_HEADERS 1
| #define HAVE_SYS_TYPES_H 1
| #define HAVE_SYS_STAT_H 1
| #define HAVE_STDLIB_H 1
| #define HAVE_STRING_H 1
| #define HAVE_MEMORY_H 1
| #define HAVE_STRINGS_H 1
| #define HAVE_INTTYPES_H 1
| #define HAVE_STDINT_H 1
| #define HAVE_UNISTD_H 1
| #define HAVE_DLFCN_H 1
| #define WCM_ENABLE_LINUXINPUT
| #define WCM_XORG 1
| #define WCM_NO_LIBCWRAPPER 1
| /* end confdefs.h.  */
| 
| #include <xorg-server.h>
| #include <xorgVersion.h>
| #if XORG_VERSION_CURRENT < XORG_VERSION_NUMERIC(1, 4, 0, 0, 0)
| # error "X.org < 1.4 doesn't need rescaling code"
| #elif XORG_VERSION_CURRENT >= XORG_VERSION_NUMERIC(1, 4, 99, 2, 0)
| # error "X.org >= 1.4.99.2 doesn't need rescaling code"
| #endif
| 
| int
| main ()
| {
| 
|   ;
|   return 0;
| }
configure:20390: result: no
configure:20401: checking if Xorg SDK defines IsXExtensionPointer
configure:20431: gcc -c -I/usr/include/xorg -g -O2  conftest.c >&5
configure:20437: $? = 0
configure:20452: result: yes
configure:20470: checking if Xorg SDK defines dixScreenOrigins
configure:20495: gcc -c -I/usr/include/xorg -pthread -fvisibility=hidden -I/usr/include/pixman-1 -I/usr/include/mirclient -I/usr/include/libdrm -I/usr/include/mircommon -I/usr/include/xorg -I/usr/include/X11/dri   -g -O2  conftest.c >&5
conftest.c: In function 'main':
conftest.c:30:8: error: 'dixScreenOrigins' undeclared (first use in this function)
 return dixScreenOrigins[0].x;
        ^
conftest.c:30:8: note: each undeclared identifier is reported only once for each function it appears in
configure:20501: $? = 1
configure: failed program was:
| /* confdefs.h.  */
| #define PACKAGE_NAME "linuxwacom"
| #define PACKAGE_TARNAME "linuxwacom"
| #define PACKAGE_VERSION "0.7.9"
| #define PACKAGE_STRING "linuxwacom 0.7.9"
| #define PACKAGE_BUGREPORT ""
| #define PACKAGE "linuxwacom"
| #define VERSION "0.7.9"
| #define STDC_HEADERS 1
| #define HAVE_SYS_TYPES_H 1
| #define HAVE_SYS_STAT_H 1
| #define HAVE_STDLIB_H 1
| #define HAVE_STRING_H 1
| #define HAVE_MEMORY_H 1
| #define HAVE_STRINGS_H 1
| #define HAVE_INTTYPES_H 1
| #define HAVE_STDINT_H 1
| #define HAVE_UNISTD_H 1
| #define HAVE_DLFCN_H 1
| #define WCM_ENABLE_LINUXINPUT
| #define WCM_XORG 1
| #define WCM_NO_LIBCWRAPPER 1
| #define WCM_ISXEXTENSIONPOINTER 1
| #define WCM_KEY_SENDING_SUPPORT 1
| /* end confdefs.h.  */
| #include <globals.h>
| int
| main ()
| {
| return dixScreenOrigins[0].x;
|   ;
|   return 0;
| }
configure:20544: gcc -c -I/usr/include/xorg -pthread -fvisibility=hidden -I/usr/include/pixman-1 -I/usr/include/mirclient -I/usr/include/libdrm -I/usr/include/mircommon -I/usr/include/xorg -I/usr/include/X11/dri   -g -O2  conftest.c >&5
configure:20550: $? = 0
configure:20570: result: no
configure:20604: checking for X
configure:20719: gcc -E  conftest.c
configure:20725: $? = 0
configure:20774: gcc -o conftest -g -O2   conftest.c -lX11  >&5
configure:20780: $? = 0
configure:20839: result: libraries , headers 
configure:21000: gcc -o conftest -g -O2   conftest.c   -lX11 >&5
configure:21006: $? = 0
configure:21163: checking for gethostbyname
configure:21219: gcc -o conftest -g -O2   conftest.c  >&5
configure:21225: $? = 0
configure:21242: result: yes
configure:21387: checking for connect
configure:21443: gcc -o conftest -g -O2   conftest.c  >&5
configure:21449: $? = 0
configure:21466: result: yes
configure:21538: checking for remove
configure:21594: gcc -o conftest -g -O2   conftest.c  >&5
configure:21600: $? = 0
configure:21617: result: yes
configure:21689: checking for shmat
configure:21745: gcc -o conftest -g -O2   conftest.c  >&5
configure:21751: $? = 0
configure:21768: result: yes
configure:21849: checking for IceConnectionNumber in -lICE
configure:21884: gcc -o conftest -g -O2   conftest.c -lICE   >&5
configure:21890: $? = 0
configure:21908: result: yes
configure:21924: checking for tclsh
configure:21942: found /usr/bin/tclsh
configure:21955: result: /usr/bin/tclsh
configure:21964: checking for tcl version
configure:21967: result: 8.6
configure:21978: checking for tcl header files
configure:21982: result: found, /usr/include/tcl
configure:22034: checking for tk header files
configure:22038: result: found, /usr/include/tcl
configure:22096: checking ncurses.h usability
configure:22113: gcc -c -g -O2 -I/usr/include/tcl  conftest.c >&5
configure:22119: $? = 0
configure:22133: result: yes
configure:22137: checking ncurses.h presence
configure:22152: gcc -E  conftest.c
configure:22158: $? = 0
configure:22172: result: yes
configure:22200: checking for ncurses.h
configure:22207: result: yes
configure:22384: checking if libwacomcfg should/can be built
configure:22402: WARNING: XLib environment missing, libwacomcfg not built
configure:22410: checking if libwacomxi should/can be built
configure:22424: WARNING: XLib environment missing, libwacomxi not built
configure:22455: checking if wacdump should/can be built
configure:22467: result: yes
configure:22477: checking if xidump should/can be built
configure:22490: WARNING: XLib environment missing, xidump not built
configure:22510: checking if xsetwacom should be built
configure:22522: WARNING: requires libwacomcfg, xsetwacom not built
configure:22533: checking for Wacom X driver module path
configure:22550: result: /usr/lib//xorg/modules/input
configure:22553: checking for dynamic driver loading support
configure:22568: result: yes
configure:22580: checking if wacom_drv.{o,so} should be compiled
configure:22594: result: yes
configure:22617: checking if gcc accepts -fno-merge-constants
configure:22641: gcc -c -g -O2 -I/usr/include/tcl -fno-merge-constants  conftest.c >&5
configure:22647: $? = 0
configure:22652: result: yes
configure:22664: checking if gcc accepts -fno-stack-protector
configure:22688: gcc -c -g -O2 -I/usr/include/tcl -fno-stack-protector  conftest.c >&5
configure:22694: $? = 0
configure:22699: result: yes
configure:22976: creating ./config.status

## ---------------------- ##
## Running config.status. ##
## ---------------------- ##

This file was extended by linuxwacom config.status 0.7.9, which was
generated by GNU Autoconf 2.61.  Invocation command line was

  CONFIG_FILES    = 
  CONFIG_HEADERS  = 
  CONFIG_LINKS    = 
  CONFIG_COMMANDS = 
  $ ./config.status 

on 89

config.status:699: creating Makefile
config.status:699: creating mkxincludes
config.status:699: creating src/Makefile
config.status:884: executing depfiles commands

## ---------------- ##
## Cache variables. ##
## ---------------- ##

ac_cv_build=i686-pc-linux-gnu
ac_cv_c_compiler_gnu=yes
ac_cv_cxx_compiler_gnu=yes
ac_cv_env_CCC_set=
ac_cv_env_CCC_value=
ac_cv_env_CC_set=
ac_cv_env_CC_value=
ac_cv_env_CFLAGS_set=
ac_cv_env_CFLAGS_value=
ac_cv_env_CPPFLAGS_set=
ac_cv_env_CPPFLAGS_value=
ac_cv_env_CPP_set=
ac_cv_env_CPP_value=
ac_cv_env_CXXCPP_set=
ac_cv_env_CXXCPP_value=
ac_cv_env_CXXFLAGS_set=
ac_cv_env_CXXFLAGS_value=
ac_cv_env_CXX_set=
ac_cv_env_CXX_value=
ac_cv_env_F77_set=
ac_cv_env_F77_value=
ac_cv_env_FFLAGS_set=
ac_cv_env_FFLAGS_value=
ac_cv_env_LDFLAGS_set=
ac_cv_env_LDFLAGS_value=
ac_cv_env_LIBS_set=
ac_cv_env_LIBS_value=
ac_cv_env_PKG_CONFIG_set=
ac_cv_env_PKG_CONFIG_value=
ac_cv_env_XMKMF_set=
ac_cv_env_XMKMF_value=
ac_cv_env_XSERVER_CFLAGS_set=
ac_cv_env_XSERVER_CFLAGS_value=
ac_cv_env_XSERVER_LIBS_set=
ac_cv_env_XSERVER_LIBS_value=
ac_cv_env_Xlib_CFLAGS_set=
ac_cv_env_Xlib_CFLAGS_value=
ac_cv_env_Xlib_LIBS_set=
ac_cv_env_Xlib_LIBS_value=
ac_cv_env_build_alias_set=
ac_cv_env_build_alias_value=
ac_cv_env_host_alias_set=
ac_cv_env_host_alias_value=
ac_cv_env_target_alias_set=
ac_cv_env_target_alias_value=
ac_cv_f77_compiler_gnu=no
ac_cv_func_connect=yes
ac_cv_func_gethostbyname=yes
ac_cv_func_remove=yes
ac_cv_func_shmat=yes
ac_cv_have_x='have_x=yes	ac_x_includes='\'''\''	ac_x_libraries='\'''\'''
ac_cv_header_dlfcn_h=yes
ac_cv_header_inttypes_h=yes
ac_cv_header_memory_h=yes
ac_cv_header_ncurses_h=yes
ac_cv_header_stdc=yes
ac_cv_header_stdint_h=yes
ac_cv_header_stdlib_h=yes
ac_cv_header_string_h=yes
ac_cv_header_strings_h=yes
ac_cv_header_sys_stat_h=yes
ac_cv_header_sys_types_h=yes
ac_cv_header_unistd_h=yes
ac_cv_host=i686-pc-linux-gnu
ac_cv_lib_ICE_IceConnectionNumber=yes
ac_cv_objext=o
ac_cv_path_EGREP='/bin/grep -E'
ac_cv_path_GREP=/bin/grep
ac_cv_path_TCLSH=/usr/bin/tclsh
ac_cv_path_ac_pt_PKG_CONFIG=/usr/bin/pkg-config
ac_cv_path_install='/usr/bin/install -c'
ac_cv_prog_AWK=gawk
ac_cv_prog_CPP='gcc -E'
ac_cv_prog_CXXCPP='g++ -E'
ac_cv_prog_ac_ct_AR=ar
ac_cv_prog_ac_ct_CC=gcc
ac_cv_prog_ac_ct_CXX=g++
ac_cv_prog_ac_ct_RANLIB=ranlib
ac_cv_prog_ac_ct_STRIP=strip
ac_cv_prog_cc_c89=
ac_cv_prog_cc_g=yes
ac_cv_prog_cxx_g=yes
ac_cv_prog_f77_g=no
ac_cv_prog_make_make_set=yes
am_cv_CC_dependencies_compiler_type=gcc3
am_cv_CXX_dependencies_compiler_type=gcc3
lt_cv_deplibs_check_method=pass_all
lt_cv_file_magic_cmd='$MAGIC_CMD'
lt_cv_file_magic_test_file=
lt_cv_ld_reload_flag=-r
lt_cv_objdir=.libs
lt_cv_path_LD=/usr/bin/ld
lt_cv_path_LDCXX=/usr/bin/ld
lt_cv_path_NM='/usr/bin/nm -B'
lt_cv_path_SED=/bin/sed
lt_cv_prog_compiler_c_o=yes
lt_cv_prog_compiler_c_o_CXX=yes
lt_cv_prog_compiler_rtti_exceptions=no
lt_cv_prog_gnu_ld=yes
lt_cv_prog_gnu_ldcxx=yes
lt_cv_sys_global_symbol_pipe='sed -n -e '\''s/^.*[ 	]\([ABCDGIRSTW][ABCDGIRSTW]*\)[ 	][ 	]*\([_A-Za-z][_A-Za-z0-9]*\)$/\1 \2 \2/p'\'''
lt_cv_sys_global_symbol_to_c_name_address='sed -n -e '\''s/^: \([^ ]*\) $/  {\"\1\", (lt_ptr) 0},/p'\'' -e '\''s/^[BCDEGRST] \([^ ]*\) \([^ ]*\)$/  {"\2", (lt_ptr) \&\2},/p'\'''
lt_cv_sys_global_symbol_to_cdecl='sed -n -e '\''s/^. .* \(.*\)$/extern int \1;/p'\'''
lt_cv_sys_max_cmd_len=32768
lt_lt_cv_prog_compiler_c_o='"yes"'
lt_lt_cv_prog_compiler_c_o_CXX='"yes"'
lt_lt_cv_sys_global_symbol_pipe='"sed -n -e '\''s/^.*[ 	]\\([ABCDGIRSTW][ABCDGIRSTW]*\\)[ 	][ 	]*\\([_A-Za-z][_A-Za-z0-9]*\\)\$/\\1 \\2 \\2/p'\''"'
lt_lt_cv_sys_global_symbol_to_c_name_address='"sed -n -e '\''s/^: \\([^ ]*\\) \$/  {\\\"\\1\\\", (lt_ptr) 0},/p'\'' -e '\''s/^[BCDEGRST] \\([^ ]*\\) \\([^ ]*\\)\$/  {\"\\2\", (lt_ptr) \\&\\2},/p'\''"'
lt_lt_cv_sys_global_symbol_to_cdecl='"sed -n -e '\''s/^. .* \\(.*\\)\$/extern int \\1;/p'\''"'
pkg_cv_XSERVER_CFLAGS='-pthread -fvisibility=hidden -I/usr/include/pixman-1 -I/usr/include/mirclient -I/usr/include/libdrm -I/usr/include/mircommon -I/usr/include/xorg -I/usr/include/X11/dri  '
pkg_cv_XSERVER_LIBS=' '

## ----------------- ##
## Output variables. ##
## ----------------- ##

ACLOCAL='${SHELL} /opt/v1.0.0.8/v1.0.0.8/Xorg/1.10.1/xdrv/missing --run aclocal-1.9'
AMDEPBACKSLASH='\'
AMDEP_FALSE='#'
AMDEP_TRUE=''
AMTAR='${SHELL} /opt/v1.0.0.8/v1.0.0.8/Xorg/1.10.1/xdrv/missing --run tar'
AR='ar'
AUTOCONF='${SHELL} /opt/v1.0.0.8/v1.0.0.8/Xorg/1.10.1/xdrv/missing --run autoconf'
AUTOHEADER='${SHELL} /opt/v1.0.0.8/v1.0.0.8/Xorg/1.10.1/xdrv/missing --run autoheader'
AUTOMAKE='${SHELL} /opt/v1.0.0.8/v1.0.0.8/Xorg/1.10.1/xdrv/missing --run automake-1.9'
AWK='gawk'
CC='gcc'
CCDEPMODE='depmode=gcc3'
CFLAGS='-g -O2 -I/usr/include/tcl'
CPP='gcc -E'
CPPFLAGS=''
CXX='g++'
CXXCPP='g++ -E'
CXXDEPMODE='depmode=gcc3'
CXXFLAGS='-g -O2'
CYGPATH_W='echo'
DEFS='-DPACKAGE_NAME=\"linuxwacom\" -DPACKAGE_TARNAME=\"linuxwacom\" -DPACKAGE_VERSION=\"0.7.9\" -DPACKAGE_STRING=\"linuxwacom\ 0.7.9\" -DPACKAGE_BUGREPORT=\"\" -DPACKAGE=\"linuxwacom\" -DVERSION=\"0.7.9\" -DSTDC_HEADERS=1 -DHAVE_SYS_TYPES_H=1 -DHAVE_SYS_STAT_H=1 -DHAVE_STDLIB_H=1 -DHAVE_STRING_H=1 -DHAVE_MEMORY_H=1 -DHAVE_STRINGS_H=1 -DHAVE_INTTYPES_H=1 -DHAVE_STDINT_H=1 -DHAVE_UNISTD_H=1 -DHAVE_DLFCN_H=1 -DWCM_ENABLE_LINUXINPUT= -DWCM_XORG=1 -DWCM_NO_LIBCWRAPPER=1 -DWCM_ISXEXTENSIONPOINTER=1 -DWCM_KEY_SENDING_SUPPORT=1 -DWCM_ENABLE_NCURSES=1 -DIN_MODULE= -DXFree86LOADER= -DXINPUT= -DXKB='
DEPDIR='.deps'
ECHO='echo'
ECHO_C=''
ECHO_N='-n'
ECHO_T=''
EGREP='/bin/grep -E'
EXEEXT=''
F77=''
FFLAGS=''
GREP='/bin/grep'
INSTALL_DATA='${INSTALL} -m 644'
INSTALL_PROGRAM='${INSTALL}'
INSTALL_SCRIPT='${INSTALL}'
INSTALL_STRIP_PROGRAM='${SHELL} $(install_sh) -c -s'
LDFLAGS=''
LIBOBJS=''
LIBS=''
LIBTOOL='$(SHELL) $(top_builddir)/libtool'
LN_S='ln -s'
LTLIBOBJS=''
MAINT='#'
MAINTAINER_MODE_FALSE=''
MAINTAINER_MODE_TRUE='#'
MAKEINFO='${SHELL} /opt/v1.0.0.8/v1.0.0.8/Xorg/1.10.1/xdrv/missing --run makeinfo'
OBJEXT='o'
PACKAGE='linuxwacom'
PACKAGE_BUGREPORT=''
PACKAGE_NAME='linuxwacom'
PACKAGE_STRING='linuxwacom 0.7.9'
PACKAGE_TARNAME='linuxwacom'
PACKAGE_VERSION='0.7.9'
PATH_SEPARATOR=':'
PKG_CONFIG='/usr/bin/pkg-config'
RANLIB='ranlib'
SET_MAKE=''
SHELL='/bin/bash'
STRIP='strip'
TCLSH='/usr/bin/tclsh'
VERSION='0.7.9'
WACOMXI_INSTALL_FALSE=''
WACOMXI_INSTALL_TRUE='#'
WCM_ARCH='i686'
WCM_CLEVEL='-std=c99'
WCM_DEPFLAGS=''
WCM_DLLOADER_FALSE='#'
WCM_DLLOADER_TRUE=''
WCM_ENV_NCURSES_FALSE='#'
WCM_ENV_NCURSES_TRUE=''
WCM_ENV_XFREE86_FALSE=''
WCM_ENV_XFREE86_TRUE='#'
WCM_ENV_XORGSDK_FALSE='#'
WCM_ENV_XORGSDK_TRUE=''
WCM_KERNEL_DIR='/lib/modules/3.13.0-83-generic/build'
WCM_KERNEL_VER=''
WCM_KSTACK=''
WCM_LIBS=''
WCM_LIBWACOMCFG_LIBS=''
WCM_LIBWACOMCFG_VER='0:1:0'
WCM_MODDIR='/usr/lib//xorg/modules/input'
WCM_MODULES=''
WCM_MODVER=''
WCM_NO_MERGE_CONSTANTS='-fno-merge-constants'
WCM_NO_STACK_PROTECTOR='-fno-stack-protector'
WCM_OPTION_EVDEV='no'
WCM_OPTION_HID='no'
WCM_OPTION_INPUT='no'
WCM_OPTION_MOUSEDEV='no'
WCM_OPTION_USBMOUSE='no'
WCM_OPTION_WACOM='no'
WCM_PREFIX='/usr/local'
WCM_PROGS=' wacdump'
WCM_TCLLIBS=''
WCM_TCLPKGS=''
WCM_WACOMXI_LIBS=''
WCM_XF86MODULES='xfdrvtouch_drv.so'
WCM_XFREE86_DIR=''
WCM_XIDUMP_LIBS=''
WCM_XORGSDK_DIR='/usr/include/xorg'
WCM_XSERVER64=''
WCM_XSETWACOM_LIBS=''
XMKMF=''
XSERVER_CFLAGS='-pthread -fvisibility=hidden -I/usr/include/pixman-1 -I/usr/include/mirclient -I/usr/include/libdrm -I/usr/include/mircommon -I/usr/include/xorg -I/usr/include/X11/dri  '
XSERVER_LIBS=' '
X_CFLAGS=''
X_EXTRA_LIBS=''
X_LIBS=''
X_PRE_LIBS=' -lSM -lICE'
Xlib_CFLAGS=''
Xlib_LIBS=''
ac_ct_CC='gcc'
ac_ct_CXX='g++'
ac_ct_F77=''
am__fastdepCC_FALSE='#'
am__fastdepCC_TRUE=''
am__fastdepCXX_FALSE='#'
am__fastdepCXX_TRUE=''
am__include='include'
am__leading_dot='.'
am__quote=''
am__tar='${AMTAR} chof - "$$tardir"'
am__untar='${AMTAR} xf -'
bindir='${exec_prefix}/bin'
build='i686-pc-linux-gnu'
build_alias=''
build_cpu='i686'
build_os='linux-gnu'
build_vendor='pc'
datadir='${datarootdir}'
datarootdir='${prefix}/share'
docdir='${datarootdir}/doc/${PACKAGE_TARNAME}'
dvidir='${docdir}'
exec_prefix='${prefix}'
host='i686-pc-linux-gnu'
host_alias=''
host_cpu='i686'
host_os='linux-gnu'
host_vendor='pc'
htmldir='${docdir}'
includedir='${prefix}/include'
infodir='${datarootdir}/info'
install_sh='/opt/v1.0.0.8/v1.0.0.8/Xorg/1.10.1/xdrv/install-sh'
libdir='${exec_prefix}/lib'
libexecdir='${exec_prefix}/libexec'
localedir='${datarootdir}/locale'
localstatedir='${prefix}/var'
mandir='${datarootdir}/man'
mkdir_p='mkdir -p --'
oldincludedir='/usr/include'
pdfdir='${docdir}'
prefix='/usr/local'
program_transform_name='s,x,x,'
psdir='${docdir}'
sbindir='${exec_prefix}/sbin'
sharedstatedir='${prefix}/com'
sysconfdir='${prefix}/etc'
target_alias=''

## ----------- ##
## confdefs.h. ##
## ----------- ##

#define PACKAGE_NAME "linuxwacom"
#define PACKAGE_TARNAME "linuxwacom"
#define PACKAGE_VERSION "0.7.9"
#define PACKAGE_STRING "linuxwacom 0.7.9"
#define PACKAGE_BUGREPORT ""
#define PACKAGE "linuxwacom"
#define VERSION "0.7.9"
#define STDC_HEADERS 1
#define HAVE_SYS_TYPES_H 1
#define HAVE_SYS_STAT_H 1
#define HAVE_STDLIB_H 1
#define HAVE_STRING_H 1
#define HAVE_MEMORY_H 1
#define HAVE_STRINGS_H 1
#define HAVE_INTTYPES_H 1
#define HAVE_STDINT_H 1
#define HAVE_UNISTD_H 1
#define HAVE_DLFCN_H 1
#define WCM_ENABLE_LINUXINPUT
#define WCM_XORG 1
#define WCM_NO_LIBCWRAPPER 1
#define WCM_ISXEXTENSIONPOINTER 1
#define WCM_KEY_SENDING_SUPPORT 1
#define WCM_ENABLE_NCURSES 1
#define IN_MODULE
#define XFree86LOADER
#define XINPUT
#define XKB

configure: exit 0
